Determining if the function log exists failed with the following output:
Change Dir: /home/jason/MyTest/cmake_tutorial/step7/CMakeFiles/CMakeTmp

Run Build Command:"/usr/bin/make" "cmTC_fc877/fast"
/usr/bin/make -f CMakeFiles/cmTC_fc877.dir/build.make CMakeFiles/cmTC_fc877.dir/build
make[1]: Entering directory '/home/jason/MyTest/cmake_tutorial/step7/CMakeFiles/CMakeTmp'
Building C object CMakeFiles/cmTC_fc877.dir/CheckFunctionExists.c.o
/usr/bin/cc    -DCHECK_FUNCTION_EXISTS=log   -o CMakeFiles/cmTC_fc877.dir/CheckFunctionExists.c.o   -c /usr/share/cmake-3.5/Modules/CheckFunctionExists.c
<command-line>:0:23: warning: conflicting types for built-in function ‘log’
/usr/share/cmake-3.5/Modules/CheckFunctionExists.c:6:6: note: in expansion of macro ‘CHECK_FUNCTION_EXISTS’
 char CHECK_FUNCTION_EXISTS();
      ^
Linking C executable cmTC_fc877
/usr/bin/cmake -E cmake_link_script CMakeFiles/cmTC_fc877.dir/link.txt --verbose=1
/usr/bin/cc   -DCHECK_FUNCTION_EXISTS=log    CMakeFiles/cmTC_fc877.dir/CheckFunctionExists.c.o  -o cmTC_fc877 -rdynamic 
CMakeFiles/cmTC_fc877.dir/CheckFunctionExists.c.o: In function `main':
CheckFunctionExists.c:(.text+0x15): undefined reference to `log'
collect2: error: ld returned 1 exit status
CMakeFiles/cmTC_fc877.dir/build.make:97: recipe for target 'cmTC_fc877' failed
make[1]: *** [cmTC_fc877] Error 1
make[1]: Leaving directory '/home/jason/MyTest/cmake_tutorial/step7/CMakeFiles/CMakeTmp'
Makefile:126: recipe for target 'cmTC_fc877/fast' failed
make: *** [cmTC_fc877/fast] Error 2


Determining if the function exp exists failed with the following output:
Change Dir: /home/jason/MyTest/cmake_tutorial/step7/CMakeFiles/CMakeTmp

Run Build Command:"/usr/bin/make" "cmTC_b5664/fast"
/usr/bin/make -f CMakeFiles/cmTC_b5664.dir/build.make CMakeFiles/cmTC_b5664.dir/build
make[1]: Entering directory '/home/jason/MyTest/cmake_tutorial/step7/CMakeFiles/CMakeTmp'
Building C object CMakeFiles/cmTC_b5664.dir/CheckFunctionExists.c.o
/usr/bin/cc    -DCHECK_FUNCTION_EXISTS=exp   -o CMakeFiles/cmTC_b5664.dir/CheckFunctionExists.c.o   -c /usr/share/cmake-3.5/Modules/CheckFunctionExists.c
<command-line>:0:23: warning: conflicting types for built-in function ‘exp’
/usr/share/cmake-3.5/Modules/CheckFunctionExists.c:6:6: note: in expansion of macro ‘CHECK_FUNCTION_EXISTS’
 char CHECK_FUNCTION_EXISTS();
      ^
Linking C executable cmTC_b5664
/usr/bin/cmake -E cmake_link_script CMakeFiles/cmTC_b5664.dir/link.txt --verbose=1
/usr/bin/cc   -DCHECK_FUNCTION_EXISTS=exp    CMakeFiles/cmTC_b5664.dir/CheckFunctionExists.c.o  -o cmTC_b5664 -rdynamic 
CMakeFiles/cmTC_b5664.dir/CheckFunctionExists.c.o: In function `main':
CheckFunctionExists.c:(.text+0x15): undefined reference to `exp'
collect2: error: ld returned 1 exit status
CMakeFiles/cmTC_b5664.dir/build.make:97: recipe for target 'cmTC_b5664' failed
make[1]: *** [cmTC_b5664] Error 1
make[1]: Leaving directory '/home/jason/MyTest/cmake_tutorial/step7/CMakeFiles/CMakeTmp'
Makefile:126: recipe for target 'cmTC_b5664/fast' failed
make: *** [cmTC_b5664/fast] Error 2


